2026-05-16 02:08:48,510 | INFO | === Morning Intelligence Engine — 7:30 AM ===
2026-05-16 02:08:58,101 | INFO | Portfolio: $753,814 | 33 symbols
2026-05-16 02:08:58,102 | INFO | Fetching pre-market quotes...
2026-05-16 02:08:59,515 | INFO | SPY -1.14% | QQQ -1.50% | VIX 18.4
2026-05-16 02:08:59,515 | INFO | Fetching news sentiment...
2026-05-16 02:08:59,515 | INFO | Fetching news for 8 active-signal symbols (capped at 8)...
2026-05-16 02:09:34,804 | INFO | News fetched for 8 symbols
2026-05-16 02:10:37,859 | INFO | 
══════════════════════════════════════════════════════════════
  MORNING INTELLIGENCE — 2026-05-16 7:30 AM ET
  Portfolio: $753,814
══════════════════════════════════════════════════════════════

  SPY -1.14%  |  QQQ -1.50%  |  VIX 18.4 (normal)

  Pre-market shows SPY -1.1%, QQQ -1.5%, VIX at 18.4 (normal). 12 signal(s) from last night remain active. Review gap alerts below before the open and watch for confirmation in the first 15 minutes of trading.

  TODAY'S WATCHLIST (from last night's EOD signals):
  🟢 AMAT   BUY          cv= 90 pm=-0.9%  news:⚪  $18,996  [ROTH IRA]
  🟢 DBMF   BUY          cv= 83 pm=-0.6%  news:⚪  $33,844  [Rollover IRA]
  🟢 UFO    BUY          cv= 83 pm=-5.4%  news:⚪  $33,844  [Rollover IRA]
  🟢 EWJV   BUY          cv= 83 pm=-0.7%  news:⚪  $33,844  [Rollover IRA]
  🟢 NVDA   BUY          cv= 83 pm=-5.3%  news:⚪  $10,855  [ROTH IRA]
  🔴 JPM    SELL         cv= 83 pm=-0.8%  news:⚪  $10,855  [ROTH IRA]
  🔴 PLTR   SELL         cv= 83 pm=+0.3%  news:⚪  $10,855  [ROTH IRA]
  🔴 IBIT   SELL         cv= 79 pm=-2.5%  news:⚪  $20,307  [Rollover IRA]
  🔴 DRAM   SELL         cv= 75 pm=-5.0%  news:⚪  $20,307  [Rollover IRA]
  🟢 RKLB   BUY          cv= 75 pm=-5.8%  news:⚪  $6,513  [ROTH IRA]
  🟢 VUG    BUY          cv= 75 pm=-1.2%  news:🟢  $245  [Health Savings Account]
  🔴 PSLV   SELL         cv= 66 pm=-9.0%  news:⚪  $11,281  [Rollover IRA]

  OVERNIGHT GAPS:
    AG     -9.8%  gap down     [ROTH IRA]
    PSLV   -9.0%  gap down     [Rollover IRA]
    PAAS   -7.8%  gap down     [ROTH IRA]
    ARIS   -7.7%  gap down     [ROTH IRA]
    MU     -6.9%  gap down     [ROTH IRA]
    EWY    -5.9%  gap down     [Rollover IRA]
    RKLB   -5.8%  gap down     [ROTH IRA]
    UFO    -5.4%  gap down     [Rollover IRA]

──────────────────────────────────────────────────────────────
  Trade confirmations at 9:50 AM in the Opening Report.
══════════════════════════════════════════════════════════════
2026-05-16 02:10:39,446 | INFO | Email sent: SWING SIGNAL: Morning Intel 2026-05-16 — SPY -1.1% | 12 signals to watch
2026-05-16 02:10:40,008 | WARNING | Telegram send failed: {"ok":false,"error_code":401,"description":"Unauthorized"}
2026-05-16 02:10:40,011 | INFO | Morning report done. Log: logs/morning_20260516_020847.log
