2026-05-16 02:14:16,835 | INFO | === Opening Range Confirmation — 9:50 AM ===
2026-05-16 02:14:36,742 | INFO |   Confirming DBMF (BUY) in Rollover IRA...
2026-05-16 02:14:37,274 | INFO |     → WAIT: Could not fetch opening range data — check manually.
2026-05-16 02:14:37,274 | INFO |   Confirming DRAM (SELL) in Rollover IRA...
2026-05-16 02:14:37,575 | INFO |     → WAIT: Could not fetch opening range data — check manually.
2026-05-16 02:14:37,575 | INFO |   Confirming UFO (BUY) in Rollover IRA...
2026-05-16 02:14:37,881 | INFO |     → WAIT: Could not fetch opening range data — check manually.
2026-05-16 02:14:37,882 | INFO |   Confirming EWJV (BUY) in Rollover IRA...
2026-05-16 02:14:38,162 | INFO |     → WAIT: Could not fetch opening range data — check manually.
2026-05-16 02:14:38,162 | INFO |   Confirming PSLV (SELL) in Rollover IRA...
2026-05-16 02:14:38,462 | INFO |     → WAIT: Could not fetch opening range data — check manually.
2026-05-16 02:14:38,463 | INFO |   Confirming IBIT (SELL) in Rollover IRA...
2026-05-16 02:14:38,764 | INFO |     → WAIT: Could not fetch opening range data — check manually.
2026-05-16 02:14:38,764 | INFO |   Confirming NVDA (BUY) in ROTH IRA...
2026-05-16 02:14:39,108 | INFO |     → WAIT: Could not fetch opening range data — check manually.
2026-05-16 02:14:39,109 | INFO |   Confirming JPM (SELL) in ROTH IRA...
2026-05-16 02:14:39,482 | INFO |     → WAIT: Could not fetch opening range data — check manually.
2026-05-16 02:14:39,482 | INFO |   Confirming AMAT (BUY) in ROTH IRA...
2026-05-16 02:14:39,835 | INFO |     → WAIT: Could not fetch opening range data — check manually.
2026-05-16 02:14:39,835 | INFO |   Confirming PLTR (SELL) in ROTH IRA...
2026-05-16 02:14:40,099 | INFO |     → WAIT: Could not fetch opening range data — check manually.
2026-05-16 02:14:40,099 | INFO |   Confirming RKLB (BUY) in ROTH IRA...
2026-05-16 02:14:40,372 | INFO |     → WAIT: Could not fetch opening range data — check manually.
2026-05-16 02:14:40,372 | INFO |   Confirming VUG (BUY) in Health Savings Account...
2026-05-16 02:14:40,775 | INFO |     → WAIT: Could not fetch opening range data — check manually.
2026-05-16 02:15:27,845 | INFO | 
══════════════════════════════════════════════════════════════
  OPENING REPORT — TRADE LIST — 2026-05-16 02:15 ET
  Portfolio: $753,814
══════════════════════════════════════════════════════════════

  0 trade(s) confirmed for execution. Place limit orders near the entry prices shown and respect stop levels. 12 signal(s) still waiting for confirmation.

  ⏳ WAIT (12 — check at 10:30 AM):
     DBMF   BUY          — Could not fetch opening range data — check manually.
     DRAM   SELL         — Could not fetch opening range data — check manually.
     UFO    BUY          — Could not fetch opening range data — check manually.
     EWJV   BUY          — Could not fetch opening range data — check manually.
     PSLV   SELL         — Could not fetch opening range data — check manually.
     IBIT   SELL         — Could not fetch opening range data — check manually.
     NVDA   BUY          — Could not fetch opening range data — check manually.
     JPM    SELL         — Could not fetch opening range data — check manually.
     AMAT   BUY          — Could not fetch opening range data — check manually.
     PLTR   SELL         — Could not fetch opening range data — check manually.
     RKLB   BUY          — Could not fetch opening range data — check manually.
     VUG    BUY          — Could not fetch opening range data — check manually.

══════════════════════════════════════════════════════════════
2026-05-16 02:15:29,539 | INFO | Email sent: SWING SIGNAL: Opening 2026-05-16 02:15 — No confirmed trades
2026-05-16 02:15:30,104 | WARNING | Telegram send failed: {"ok":false,"error_code":401,"description":"Unauthorized"}
2026-05-16 02:15:30,106 | INFO | Opening report done. 0 trades to execute. Log: logs/opening_20260516_021416.log
